2025-10-31 12:38:34,098 INFO  [org.jboss.modules] (main) JBoss Modules version 2.1.6.Final
2025-10-31 12:38:35,721 INFO  [org.jboss.msc] (main) JBoss MSC version 1.5.6.Final
2025-10-31 12:38:35,743 INFO  [org.jboss.threads] (main) JBoss Threads version 3.9.1
2025-10-31 12:38:36,040 INFO  [org.jboss.as] (MSC service thread 1-4) WFLYSRV0049: WildFly 37.0.1.Final (WildFly Core 29.0.1.Final) starting
2025-10-31 12:38:36,043 DEBUG [org.jboss.as.config] (MSC service thread 1-4) Configured system properties:
	file.encoding = Cp1252
	file.separator = \
	java.awt.headless = true
	java.class.path = C:\Users\DELL\Downloads\wildfly-37.0.1.Final\wildfly-37.0.1.Final\jboss-modules.jar
	java.class.version = 61.0
	java.home = C:\Program Files\Eclipse Adoptium\jdk-17.0.16.8-hotspot
	java.io.tmpdir = C:\Users\DELL\AppData\Local\Temp\
	java.library.path = C:\Program Files\Eclipse Adoptium\jdk-17.0.16.8-hotspot\bin;C:\WINDOWS\Sun\Java\bin;C:\WINDOWS\system32;C:\WINDOWS;C:\Program Files\Eclipse Adoptium\jdk-17.0.16.8-hotspot\bin;C:\msys64\ucrt64\bin;C:\Users\DELL\AppData\Local\Microsoft\WindowsApps.;C:\Program Files (x86)\Common Files\Oracle\Java\javapath;C:\WINDOWS\system32;C:\WINDOWS;C:\WINDOWS\System32\Wbem;C:\WINDOWS\System32\WindowsPowerShell\v1.0\;C:\WINDOWS\System32\OpenSSH\;C:\MinGW\bin;C:\xampp\php;C:\composer;C:\sqlite;C:\Program Files\Java\jdk-23\bin;C:\Program Files\Git\cmd;C:\Program Files\nodejs\;C:\Program Files\dotnet\;C:\apache-cassandra-3.11.10;C:\Python27;C:\Python27\Scripts;C:\Program Files (x86)\GTK2-Runtime\bin;C:\Program Files (x86)\GTK2-Runtime\bin;C:\Program Files\wkhtmltopdf\bin;C:\ffmpeg\bin;C:\Program Files\Docker\Docker\resources\bin;C:\Program Files\Eclipse Adoptium\jdk-17.0.16.8-hotspot\\bin;C:\Users\DELL\.cargo\bin;C:\Python27;C:\Python27\Scripts;C:\Program Files (x86)\Common Files\Oracle\Java\javapath;C:\WINDOWS\system32;C:\WINDOWS;C:\WINDOWS\System32\Wbem;C:\WINDOWS\System32\WindowsPowerShell\v1.0\;C:\WINDOWS\System32\OpenSSH\;C:\MinGW\bin;C:\xampp\php;C:\composer;C:\sqlite;C:\Program Files\Java\jdk-23\bin;C:\Program Files\Git\cmd;C:\Program Files\nodejs\;C:\Program Files (x86)\Windows Kits\10\Windows Performance Toolkit\;C:\Program Files\dotnet\;C:\apache-cassandra-3.11.10;C:\Users\DELL\AppData\Local\Programs\Python\Python313\Scripts\;C:\Users\DELL\AppData\Local\Programs\Python\Python313\;C:\Users\DELL\AppData\Local\Programs\Python\Launcher\;C:\Users\DELL\AppData\Local\Microsoft\WindowsApps;C:\Users\DELL\Ap;C:\Users\DELL\AppData\Local\Programs\Microsoft VS Code\bin;C:\Users\DELL\AppData\Roaming\npm;C:\msys64\ucrt64\bin;C:\Program Files\wkhtmltopdf\bin;C:\Users\DELL\AppData\Local\Programs\IntelliJ IDEA 2025.2.2\bin;C:\Program Files\Eclipse Adoptium\jdk-17.0.16.8-hotspot\bin;;.
	java.net.preferIPv4Stack = true
	java.runtime.name = OpenJDK Runtime Environment
	java.runtime.version = 17.0.16+8
	java.specification.maintenance.version = 1
	java.specification.name = Java Platform API Specification
	java.specification.vendor = Oracle Corporation
	java.specification.version = 17
	java.util.logging.manager = org.jboss.logmanager.LogManager
	java.vendor = Eclipse Adoptium
	java.vendor.url = https://adoptium.net/
	java.vendor.url.bug = https://github.com/adoptium/adoptium-support/issues
	java.vendor.version = Temurin-17.0.16+8
	java.version = 17.0.16
	java.version.date = 2025-07-15
	java.vm.compressedOopsMode = 32-bit
	java.vm.info = mixed mode, sharing
	java.vm.name = OpenJDK 64-Bit Server VM
	java.vm.specification.name = Java Virtual Machine Specification
	java.vm.specification.vendor = Oracle Corporation
	java.vm.specification.version = 17
	java.vm.vendor = Eclipse Adoptium
	java.vm.version = 17.0.16+8
	javax.management.builder.initial = org.jboss.as.jmx.PluggableMBeanServerBuilder
	jboss.home.dir = C:\Users\DELL\Downloads\wildfly-37.0.1.Final\wildfly-37.0.1.Final
	jboss.host.name = desktop-dbuvlt4
	jboss.modules.system.pkgs = org.jboss.byteman
	jboss.node.name = desktop-dbuvlt4
	jboss.qualified.host.name = desktop-dbuvlt4
	jboss.server.base.dir = C:\Users\DELL\Downloads\wildfly-37.0.1.Final\wildfly-37.0.1.Final\standalone
	jboss.server.config.dir = C:\Users\DELL\Downloads\wildfly-37.0.1.Final\wildfly-37.0.1.Final\standalone\configuration
	jboss.server.data.dir = C:\Users\DELL\Downloads\wildfly-37.0.1.Final\wildfly-37.0.1.Final\standalone\data
	jboss.server.log.dir = C:\Users\DELL\Downloads\wildfly-37.0.1.Final\wildfly-37.0.1.Final\standalone\log
	jboss.server.name = desktop-dbuvlt4
	jboss.server.persist.config = true
	jboss.server.temp.dir = C:\Users\DELL\Downloads\wildfly-37.0.1.Final\wildfly-37.0.1.Final\standalone\tmp
	jboss.threads.eqe.statistics = true
	jdk.debug = release
	jdk.serialFilter = maxbytes=10485760;maxdepth=128;maxarray=100000;maxrefs=300000
	line.separator = 

	logging.configuration = file:C:\Users\DELL\Downloads\wildfly-37.0.1.Final\wildfly-37.0.1.Final\standalone\configuration/logging.properties
	module.path = C:\Users\DELL\Downloads\wildfly-37.0.1.Final\wildfly-37.0.1.Final\modules
	native.encoding = Cp1252
	org.jboss.boot.log.file = C:\Users\DELL\Downloads\wildfly-37.0.1.Final\wildfly-37.0.1.Final\standalone\log\server.log
	org.jboss.resolver.warning = true
	os.arch = amd64
	os.name = Windows 10
	os.version = 10.0
	path.separator = ;
	program.name = standalone.bat
	sun.arch.data.model = 64
	sun.boot.library.path = C:\Program Files\Eclipse Adoptium\jdk-17.0.16.8-hotspot\bin
	sun.cpu.endian = little
	sun.cpu.isalist = amd64
	sun.io.unicode.encoding = UnicodeLittle
	sun.java.command = C:\Users\DELL\Downloads\wildfly-37.0.1.Final\wildfly-37.0.1.Final\jboss-modules.jar -mp C:\Users\DELL\Downloads\wildfly-37.0.1.Final\wildfly-37.0.1.Final\modules org.jboss.as.standalone -Djboss.home.dir=C:\Users\DELL\Downloads\wildfly-37.0.1.Final\wildfly-37.0.1.Final
	sun.java.launcher = SUN_STANDARD
	sun.jnu.encoding = Cp1252
	sun.management.compiler = HotSpot 64-Bit Tiered Compilers
	sun.os.patch.level = 
	user.country = FR
	user.dir = C:\Users\DELL\Downloads\wildfly-37.0.1.Final\wildfly-37.0.1.Final\bin
	user.home = C:\Users\DELL
	user.language = fr
	user.name = DELL
	user.script = 
	user.timezone = Africa/Casablanca
	user.variant = 
2025-10-31 12:38:36,045 DEBUG [org.jboss.as.config] (MSC service thread 1-4) VM Arguments: -Dprogram.name=standalone.bat -Xms64M -Xmx512M -Djava.net.preferIPv4Stack=true -Djboss.modules.system.pkgs=org.jboss.byteman -Djava.awt.headless=true -Djdk.serialFilter=maxbytes=10485760;maxdepth=128;maxarray=100000;maxrefs=300000 --add-exports=java.desktop/sun.awt=ALL-UNNAMED --add-exports=java.naming/com.sun.jndi.ldap=ALL-UNNAMED --add-exports=java.naming/com.sun.jndi.url.ldap=ALL-UNNAMED --add-exports=java.naming/com.sun.jndi.url.ldaps=ALL-UNNAMED --add-exports=jdk.naming.dns/com.sun.jndi.dns=ALL-UNNAMED --add-opens=java.base/java.lang=ALL-UNNAMED --add-opens=java.base/java.lang.invoke=ALL-UNNAMED --add-opens=java.base/java.lang.reflect=ALL-UNNAMED --add-opens=java.base/java.io=ALL-UNNAMED --add-opens=java.base/java.net=ALL-UNNAMED --add-opens=java.base/java.security=ALL-UNNAMED --add-opens=java.base/java.util=ALL-UNNAMED --add-opens=java.base/java.util.concurrent=ALL-UNNAMED --add-opens=java.management/javax.management=ALL-UNNAMED --add-opens=java.naming/javax.naming=ALL-UNNAMED -Dorg.jboss.boot.log.file=C:\Users\DELL\Downloads\wildfly-37.0.1.Final\wildfly-37.0.1.Final\standalone\log\server.log -Dlogging.configuration=file:C:\Users\DELL\Downloads\wildfly-37.0.1.Final\wildfly-37.0.1.Final\standalone\configuration/logging.properties 
2025-10-31 12:38:39,149 INFO  [org.wildfly.security] (Controller Boot Thread) ELY00001: WildFly Elytron version 2.6.4.Final
2025-10-31 12:38:40,606 INFO  [org.jboss.as.server] (Controller Boot Thread) WFLYSRV0039: Creating http management service using socket-binding (management-http)
2025-10-31 12:38:40,639 INFO  [org.xnio] (MSC service thread 1-4) XNIO version 3.8.16.Final
2025-10-31 12:38:40,651 INFO  [org.xnio.nio] (MSC service thread 1-4) XNIO NIO Implementation Version 3.8.16.Final
2025-10-31 12:38:40,806 INFO  [org.wildfly.extension.health] (ServerService Thread Pool -- 55) WFLYHEALTH0001: Activating Base Health Subsystem
2025-10-31 12:38:40,809 INFO  [org.wildfly.extension.elytron.oidc._private] (ServerService Thread Pool -- 54) WFLYOIDC0001: Activating WildFly Elytron OIDC Subsystem
2025-10-31 12:38:40,924 INFO  [org.jboss.as.server.deployment] (MSC service thread 1-3) WFLYSRV0027: Starting deployment of "mysql-connector-j-8.0.33.jar" (runtime-name: "mysql-connector-j-8.0.33.jar")
2025-10-31 12:38:40,944 INFO  [org.jboss.as.clustering.infinispan] (ServerService Thread Pool -- 56) WFLYCLINF0001: Activating Infinispan subsystem.
2025-10-31 12:38:40,954 INFO  [org.wildfly.extension.io] (ServerService Thread Pool -- 57) WFLYIO001: Worker 'default' has auto-configured to 8 IO threads with 64 max task threads based on your 4 available processors
2025-10-31 12:38:41,020 WARN  [org.jboss.as.txn] (ServerService Thread Pool -- 75) WFLYTX0013: The node-identifier attribute on the /subsystem=transactions is set to the default value. This is a danger for environments running multiple servers. Please make sure the attribute value is unique.
2025-10-31 12:38:41,141 INFO  [org.jboss.as.jaxrs] (ServerService Thread Pool -- 58) WFLYRS0016: RESTEasy version 6.2.12.Final
2025-10-31 12:38:41,144 INFO  [org.jboss.as.connector.subsystems.datasources] (ServerService Thread Pool -- 45) WFLYJCA0004: Deploying JDBC-compliant driver class org.h2.Driver (version 2.2)
2025-10-31 12:38:41,146 INFO  [org.wildfly.extension.microprofile.config.smallrye] (ServerService Thread Pool -- 66) WFLYCONF0001: Activating MicroProfile Config Subsystem
2025-10-31 12:38:41,147 INFO  [org.wildfly.extension.microprofile.jwt.smallrye] (ServerService Thread Pool -- 67) WFLYJWT0001: Activating MicroProfile JWT Subsystem
2025-10-31 12:38:41,161 INFO  [org.jboss.as.webservices] (ServerService Thread Pool -- 77) WFLYWS0002: Activating WebServices Extension
2025-10-31 12:38:41,168 INFO  [org.jboss.as.naming] (ServerService Thread Pool -- 68) WFLYNAM0001: Activating Naming Subsystem
2025-10-31 12:38:41,178 INFO  [org.jboss.as.jsf] (ServerService Thread Pool -- 63) WFLYJSF0007: Activated the following Jakarta Server Faces Implementations: [main]
2025-10-31 12:38:41,227 INFO  [org.wildfly.extension.metrics] (ServerService Thread Pool -- 65) WFLYMETRICS0001: Activating Base Metrics Subsystem
2025-10-31 12:38:41,306 WARN  [org.wildfly.extension.elytron] (MSC service thread 1-4) WFLYELY00023: KeyStore file 'C:\Users\DELL\Downloads\wildfly-37.0.1.Final\wildfly-37.0.1.Final\standalone\configuration\application.keystore' does not exist. Used blank.
2025-10-31 12:38:41,318 INFO  [org.jboss.remoting] (MSC service thread 1-2) JBoss Remoting version 5.0.31.Final
2025-10-31 12:38:41,481 INFO  [org.jboss.as.connector] (MSC service thread 1-4) WFLYJCA0009: Starting Jakarta Connectors Subsystem (WildFly/IronJacamar 3.0.14.Final)
2025-10-31 12:38:41,493 WARN  [org.wildfly.extension.elytron] (MSC service thread 1-9) WFLYELY01084: KeyStore C:\Users\DELL\Downloads\wildfly-37.0.1.Final\wildfly-37.0.1.Final\standalone\configuration\application.keystore not found, it will be auto-generated on first use with a self-signed certificate for host localhost
2025-10-31 12:38:41,501 INFO  [org.jboss.as.naming] (MSC service thread 1-9) WFLYNAM0003: Starting Naming Service
2025-10-31 12:38:41,622 INFO  [org.wildfly.extension.undertow] (MSC service thread 1-9) WFLYUT0003: Undertow 2.3.18.Final starting
2025-10-31 12:38:41,648 INFO  [org.jboss.as.connector.deployers.jdbc] (MSC service thread 1-5) WFLYJCA0018: Started Driver service with driver-name = h2
2025-10-31 12:38:41,904 INFO  [org.wildfly.extension.undertow] (ServerService Thread Pool -- 76) WFLYUT0014: Creating file handler for path 'C:\Users\DELL\Downloads\wildfly-37.0.1.Final\wildfly-37.0.1.Final/welcome-content' with options [directory-listing: 'false', follow-symlink: 'false', case-sensitive: 'true', safe-symlink-paths: '[]']
2025-10-31 12:38:41,909 INFO  [org.jboss.as.ejb3] (MSC service thread 1-2) WFLYEJB0481: Strict pool slsb-strict-max-pool is using a max instance size of 64 (per class), which is derived from thread worker pool sizing.
2025-10-31 12:38:41,909 INFO  [org.jboss.as.ejb3] (MSC service thread 1-9) WFLYEJB0482: Strict pool mdb-strict-max-pool is using a max instance size of 16 (per class), which is derived from the number of CPUs on this host.
2025-10-31 12:38:42,048 INFO  [org.wildfly.extension.undertow] (MSC service thread 1-9) WFLYUT0012: Started server default-server.
2025-10-31 12:38:42,052 INFO  [org.wildfly.extension.undertow] (MSC service thread 1-2) Queuing requests.
2025-10-31 12:38:42,059 INFO  [org.wildfly.extension.undertow] (MSC service thread 1-2) WFLYUT0018: Host default-host starting
2025-10-31 12:38:42,434 INFO  [org.jboss.as.server.deployment] (MSC service thread 1-4) WFLYSRV0027: Starting deployment of "atelier3-1.0-SNAPSHOT" (runtime-name: "atelier3-1.0-SNAPSHOT.war")
2025-10-31 12:38:42,455 INFO  [org.jboss.as.server.deployment.scanner] (MSC service thread 1-5) WFLYDS0013: Started FileSystemDeploymentService for directory C:\Users\DELL\Downloads\wildfly-37.0.1.Final\wildfly-37.0.1.Final\standalone\deployments
2025-10-31 12:38:44,290 INFO  [org.jboss.as.mail.extension] (MSC service thread 1-9) WFLYMAIL0001: Bound mail session [java:jboss/mail/Default]
2025-10-31 12:38:44,420 INFO  [org.wildfly.extension.undertow] (MSC service thread 1-3) WFLYUT0006: Undertow HTTPS listener https listening on 127.0.0.1:8443
2025-10-31 12:38:44,474 INFO  [org.wildfly.extension.undertow] (MSC service thread 1-8) WFLYUT0006: Undertow HTTP listener default listening on 127.0.0.1:8080
2025-10-31 12:38:45,197 INFO  [org.jboss.as.ejb3] (MSC service thread 1-7) WFLYEJB0493: Jakarta Enterprise Beans subsystem suspension complete
2025-10-31 12:38:45,666 INFO  [org.jboss.as.connector.subsystems.datasources] (MSC service thread 1-4) WFLYJCA0001: Bound data source [java:jboss/datasources/ExampleDS]
2025-10-31 12:38:45,693 INFO  [org.jboss.ws.common.management] (MSC service thread 1-8) JBWS022052: Starting JBossWS 7.3.3.Final (Apache CXF 4.0.9) 
2025-10-31 12:38:46,701 INFO  [org.jboss.as.connector.deployers.jdbc] (MSC service thread 1-4) WFLYJCA0005: Deploying non-JDBC-compliant driver class com.mysql.cj.jdbc.Driver (version 8.0)
2025-10-31 12:38:46,728 INFO  [org.jboss.as.connector.deployers.jdbc] (MSC service thread 1-9) WFLYJCA0018: Started Driver service with driver-name = mysql-connector-j-8.0.33.jar
2025-10-31 12:38:46,733 INFO  [org.jboss.as.connector.subsystems.datasources] (MSC service thread 1-4) WFLYJCA0001: Bound data source [java:/MySqlDS]
2025-10-31 12:38:55,813 INFO  [org.jboss.as.jpa] (MSC service thread 1-2) WFLYJPA0002: Read persistence.xml for mycnx
2025-10-31 12:38:56,241 INFO  [org.jipijapa] (MSC service thread 1-5) JIPIORMV6020260: Second level cache enabled for atelier3-1.0-SNAPSHOT#mycnx
2025-10-31 12:38:56,453 INFO  [org.jboss.weld.deployer] (MSC service thread 1-2) WFLYWELD0003: Processing weld deployment atelier3-1.0-SNAPSHOT.war
2025-10-31 12:38:57,171 INFO  [org.hibernate.validator.internal.util.Version] (MSC service thread 1-2) HV000001: Hibernate Validator 8.0.2.Final
2025-10-31 12:38:57,675 INFO  [org.jboss.as.ejb3.deployment] (MSC service thread 1-2) WFLYEJB0473: JNDI bindings for session bean named 'CategorieBean' in deployment unit 'deployment "atelier3-1.0-SNAPSHOT.war"' are as follows:

	java:global/atelier3-1.0-SNAPSHOT/CategorieBean!ma.fstt.beans.CategorieBean
	java:app/atelier3-1.0-SNAPSHOT/CategorieBean!ma.fstt.beans.CategorieBean
	java:module/CategorieBean!ma.fstt.beans.CategorieBean
	java:global/atelier3-1.0-SNAPSHOT/CategorieBean
	java:app/atelier3-1.0-SNAPSHOT/CategorieBean
	java:module/CategorieBean

2025-10-31 12:38:58,158 INFO  [org.infinispan.CONTAINER] (ServerService Thread Pool -- 79) ISPN000556: Starting user marshaller 'org.wildfly.clustering.cache.infinispan.marshalling.UserMarshaller'
2025-10-31 12:38:58,849 INFO  [org.jipijapa] (MSC service thread 1-6) JIPIORMV6020260: Second level cache enabled for atelier3-1.0-SNAPSHOT#mycnx
2025-10-31 12:38:59,499 INFO  [org.jboss.as.connector.deployers.jdbc] (MSC service thread 1-6) WFLYJCA0005: Deploying non-JDBC-compliant driver class com.mysql.cj.jdbc.Driver (version 8.0)
2025-10-31 12:38:59,549 INFO  [org.jboss.as.clustering.infinispan] (ServerService Thread Pool -- 79) Started hibernate cache container
2025-10-31 12:38:59,562 INFO  [org.jboss.as.jpa] (ServerService Thread Pool -- 79) WFLYJPA0010: Starting Persistence Unit (phase 1 of 2) Service 'atelier3-1.0-SNAPSHOT#mycnx'
2025-10-31 12:38:59,585 INFO  [org.jboss.weld.Version] (MSC service thread 1-6) WELD-000900: 5.1.6 (Final)
2025-10-31 12:38:59,631 INFO  [org.hibernate.jpa.internal.util.LogHelper] (ServerService Thread Pool -- 79) HHH000204: Processing PersistenceUnitInfo [name: mycnx]
2025-10-31 12:39:00,061 INFO  [org.jboss.as.connector.deployers.jdbc] (MSC service thread 1-3) WFLYJCA0018: Started Driver service with driver-name = atelier3-1.0-SNAPSHOT.war_com.mysql.cj.jdbc.Driver_8_0
2025-10-31 12:39:00,305 INFO  [org.hibernate.Version] (ServerService Thread Pool -- 79) HHH000412: Hibernate ORM core version 6.6.26.Final
2025-10-31 12:39:01,123 WARN  [org.hibernate.dialect.Dialect] (ServerService Thread Pool -- 79) HHH000511: The 5.5.5 version for [org.hibernate.dialect.MySQLDialect] is no longer supported, hence certain features may not work properly. The minimum supported version is 8.0.0. Check the community dialects project for available legacy versions.
2025-10-31 12:39:01,157 INFO  [org.hibernate.orm.connections.pooling] (ServerService Thread Pool -- 79) HHH10001005: Database info:
	Database JDBC URL [Connecting through datasource 'org.jboss.as.connector.subsystems.datasources.WildFlyDataSource@35b971c5']
	Database driver: undefined/unknown
	Database version: 5.5.5
	Autocommit mode: undefined/unknown
	Isolation level: undefined/unknown
	Minimum pool size: undefined/unknown
	Maximum pool size: undefined/unknown
2025-10-31 12:39:01,172 INFO  [org.hibernate.cache.internal.RegionFactoryInitiator] (ServerService Thread Pool -- 79) HHH000025: Second-level cache region factory [org.infinispan.hibernate.cache.v62.InfinispanRegionFactory]
2025-10-31 12:39:01,322 INFO  [org.hibernate.envers.boot.internal.EnversServiceImpl] (ServerService Thread Pool -- 79) Envers integration enabled? : true
2025-10-31 12:39:01,832 INFO  [org.jboss.as.jpa] (ServerService Thread Pool -- 79) WFLYJPA0010: Starting Persistence Unit (phase 2 of 2) Service 'atelier3-1.0-SNAPSHOT#mycnx'
2025-10-31 12:39:04,952 INFO  [stdout] (ServerService Thread Pool -- 79) Hibernate: 
2025-10-31 12:39:04,953 INFO  [stdout] (ServerService Thread Pool -- 79)     alter table commandes 
2025-10-31 12:39:04,953 INFO  [stdout] (ServerService Thread Pool -- 79)        modify column statut enum ('ANNULEE','CONFIRMEE','EN_ATTENTE','EN_PREPARATION','EXPEDIEE','LIVREE') not null
2025-10-31 12:39:06,408 INFO  [jakarta.enterprise.resource.webcontainer.faces.config] (ServerService Thread Pool -- 92) Initialisation de Mojarra 4.0.11 pour le contexte «/atelier3-1.0-SNAPSHOT»
2025-10-31 12:39:08,841 INFO  [jakarta.enterprise.resource.webcontainer.faces.config] (ServerService Thread Pool -- 92) Monitoring file:/C:/Users/DELL/IdeaProjects/atelier3/target/atelier3-1.0-SNAPSHOT/WEB-INF/faces-config.xml for modifications
2025-10-31 12:39:09,303 INFO  [org.primefaces.webapp.PostConstructApplicationEventListener] (ServerService Thread Pool -- 92) Running on PrimeFaces 15.0.0
2025-10-31 12:39:09,331 INFO  [org.wildfly.extension.undertow] (ServerService Thread Pool -- 92) WFLYUT0021: Registered web context: '/atelier3-1.0-SNAPSHOT' for server 'default-server'
2025-10-31 12:39:09,455 INFO  [org.jboss.as.server] (Controller Boot Thread) WFLYSRV0010: Deployed "atelier3-1.0-SNAPSHOT" (runtime-name : "atelier3-1.0-SNAPSHOT.war")
2025-10-31 12:39:09,464 INFO  [org.jboss.as.server] (ServerService Thread Pool -- 46) WFLYSRV0010: Deployed "mysql-connector-j-8.0.33.jar" (runtime-name : "mysql-connector-j-8.0.33.jar")
2025-10-31 12:39:09,640 INFO  [org.jboss.as.server] (Controller Boot Thread) WFLYSRV0212: Resuming server
2025-10-31 12:39:09,654 INFO  [org.jboss.as] (Controller Boot Thread) WFLYSRV0060: Http management interface listening on http://127.0.0.1:9990/management
2025-10-31 12:39:09,654 INFO  [org.jboss.as] (Controller Boot Thread) WFLYSRV0051: Admin console listening on http://127.0.0.1:9990
2025-10-31 12:39:09,658 INFO  [org.jboss.as] (Controller Boot Thread) WFLYSRV0025: WildFly 37.0.1.Final (WildFly Core 29.0.1.Final) started in 36808ms - Started 577 of 766 services (338 services are lazy, passive or on-demand) - Server configuration file in use: standalone.xml - Minimum feature stability level: community
2025-10-31 12:39:10,322 INFO  [org.jboss.as.server.deployment] (MSC service thread 1-9) WFLYSRV0027: Starting deployment of "atelier4-ejb" (runtime-name: "atelier4-ejb.war")
2025-10-31 12:39:10,588 INFO  [org.wildfly.extension.undertow] (ServerService Thread Pool -- 13) WFLYUT0021: Registered web context: '/atelier4-ejb' for server 'default-server'
2025-10-31 12:39:10,634 INFO  [org.jboss.as.server] (management-handler-thread - 2) WFLYSRV0010: Deployed "atelier4-ejb" (runtime-name : "atelier4-ejb.war")
2025-10-31 12:39:10,915 INFO  [org.jboss.as.server.deployment] (MSC service thread 1-4) WFLYSRV0027: Starting deployment of "atelier4-webb" (runtime-name: "atelier4-webb.war")
2025-10-31 12:39:11,196 WARN  [org.jboss.modules.define] (MSC service thread 1-9) Failed to define class javax.servlet.jsp.jstl.tlv.PermittedTaglibsTLV in Module "deployment.atelier4-webb.war" from Service Module Loader: java.lang.NoClassDefFoundError: Failed to link javax/servlet/jsp/jstl/tlv/PermittedTaglibsTLV (Module "deployment.atelier4-webb.war" from Service Module Loader): javax/servlet/jsp/tagext/TagLibraryValidator
	at java.base/java.lang.ClassLoader.defineClass1(Native Method)
	at java.base/java.lang.ClassLoader.defineClass(ClassLoader.java:1017)
	at java.base/java.lang.ClassLoader.defineClass(ClassLoader.java:1095)
	at org.jboss.modules.ModuleClassLoader.doDefineOrLoadClass(ModuleClassLoader.java:352)
	at org.jboss.modules.ModuleClassLoader.defineClass(ModuleClassLoader.java:483)
	at org.jboss.modules.ModuleClassLoader.loadClassLocal(ModuleClassLoader.java:277)
	at org.jboss.modules.ModuleClassLoader$1.loadClassLocal(ModuleClassLoader.java:79)
	at org.jboss.modules.Module.loadModuleClass(Module.java:798)
	at org.jboss.modules.ModuleClassLoader.findClass(ModuleClassLoader.java:193)
	at org.jboss.modules.ConcurrentClassLoader.performLoadClassUnchecked(ConcurrentClassLoader.java:408)
	at org.jboss.modules.ConcurrentClassLoader.performLoadClass(ConcurrentClassLoader.java:396)
	at org.jboss.modules.ConcurrentClassLoader.loadClass(ConcurrentClassLoader.java:115)
	at java.base/java.lang.Class.forName0(Native Method)
	at java.base/java.lang.Class.forName(Class.java:467)
	at org.jboss.as.ee@37.0.1.Final//org.jboss.as.ee.utils.ClassLoadingUtils.loadClass(ClassLoadingUtils.java:26)
	at org.jboss.as.ee@37.0.1.Final//org.jboss.as.ee.utils.ClassLoadingUtils.loadClass(ClassLoadingUtils.java:19)
	at org.jboss.as.ee@37.0.1.Final//org.jboss.as.ee.component.deployers.InterceptorAnnotationProcessor.processComponentConfig(InterceptorAnnotationProcessor.java:67)
	at org.jboss.as.ee@37.0.1.Final//org.jboss.as.ee.component.deployers.InterceptorAnnotationProcessor.deploy(InterceptorAnnotationProcessor.java:60)
	at org.jboss.as.server@29.0.1.Final//org.jboss.as.server.deployment.DeploymentUnitPhaseService.start(DeploymentUnitPhaseService.java:165)
	at org.jboss.msc@1.5.6.Final//org.jboss.msc.service.ServiceControllerImpl$StartTask.startService(ServiceControllerImpl.java:1553)
	at org.jboss.msc@1.5.6.Final//org.jboss.msc.service.ServiceControllerImpl$StartTask.execute(ServiceControllerImpl.java:1516)
	at org.jboss.msc@1.5.6.Final//org.jboss.msc.service.ServiceControllerImpl$ControllerTask.run(ServiceControllerImpl.java:1374)
	at org.jboss.threads@3.9.1//org.jboss.threads.ContextHandler$1.runWith(ContextHandler.java:18)
	at org.jboss.threads@3.9.1//org.jboss.threads.EnhancedQueueExecutor$Task.doRunWith(EnhancedQueueExecutor.java:2651)
	at org.jboss.threads@3.9.1//org.jboss.threads.EnhancedQueueExecutor$Task.run(EnhancedQueueExecutor.java:2630)
	at org.jboss.threads@3.9.1//org.jboss.threads.EnhancedQueueExecutor.runThreadBody(EnhancedQueueExecutor.java:1622)
	at org.jboss.threads@3.9.1//org.jboss.threads.EnhancedQueueExecutor$ThreadBody.run(EnhancedQueueExecutor.java:1589)
	at java.base/java.lang.Thread.run(Thread.java:840)
Caused by: java.lang.ClassNotFoundException: javax.servlet.jsp.tagext.TagLibraryValidator from [Module "deployment.atelier4-webb.war" from Service Module Loader]
	at org.jboss.modules.ModuleClassLoader.findClass(ModuleClassLoader.java:201)
	at org.jboss.modules.ConcurrentClassLoader.performLoadClassUnchecked(ConcurrentClassLoader.java:408)
	at org.jboss.modules.ConcurrentClassLoader.performLoadClass(ConcurrentClassLoader.java:396)
	at org.jboss.modules.ConcurrentClassLoader.loadClass(ConcurrentClassLoader.java:115)
	... 28 more

2025-10-31 12:39:11,311 WARN  [org.jboss.modules.define] (MSC service thread 1-9) Failed to define class javax.servlet.jsp.jstl.tlv.ScriptFreeTLV in Module "deployment.atelier4-webb.war" from Service Module Loader: java.lang.NoClassDefFoundError: Failed to link javax/servlet/jsp/jstl/tlv/ScriptFreeTLV (Module "deployment.atelier4-webb.war" from Service Module Loader): javax/servlet/jsp/tagext/TagLibraryValidator
	at java.base/java.lang.ClassLoader.defineClass1(Native Method)
	at java.base/java.lang.ClassLoader.defineClass(ClassLoader.java:1017)
	at java.base/java.lang.ClassLoader.defineClass(ClassLoader.java:1095)
	at org.jboss.modules.ModuleClassLoader.doDefineOrLoadClass(ModuleClassLoader.java:352)
	at org.jboss.modules.ModuleClassLoader.defineClass(ModuleClassLoader.java:483)
	at org.jboss.modules.ModuleClassLoader.loadClassLocal(ModuleClassLoader.java:277)
	at org.jboss.modules.ModuleClassLoader$1.loadClassLocal(ModuleClassLoader.java:79)
	at org.jboss.modules.Module.loadModuleClass(Module.java:798)
	at org.jboss.modules.ModuleClassLoader.findClass(ModuleClassLoader.java:193)
	at org.jboss.modules.ConcurrentClassLoader.performLoadClassUnchecked(ConcurrentClassLoader.java:408)
	at org.jboss.modules.ConcurrentClassLoader.performLoadClass(ConcurrentClassLoader.java:396)
	at org.jboss.modules.ConcurrentClassLoader.loadClass(ConcurrentClassLoader.java:115)
	at java.base/java.lang.Class.forName0(Native Method)
	at java.base/java.lang.Class.forName(Class.java:467)
	at org.jboss.as.ee@37.0.1.Final//org.jboss.as.ee.utils.ClassLoadingUtils.loadClass(ClassLoadingUtils.java:26)
	at org.jboss.as.ee@37.0.1.Final//org.jboss.as.ee.utils.ClassLoadingUtils.loadClass(ClassLoadingUtils.java:19)
	at org.jboss.as.ee@37.0.1.Final//org.jboss.as.ee.component.deployers.InterceptorAnnotationProcessor.processComponentConfig(InterceptorAnnotationProcessor.java:67)
	at org.jboss.as.ee@37.0.1.Final//org.jboss.as.ee.component.deployers.InterceptorAnnotationProcessor.deploy(InterceptorAnnotationProcessor.java:60)
	at org.jboss.as.server@29.0.1.Final//org.jboss.as.server.deployment.DeploymentUnitPhaseService.start(DeploymentUnitPhaseService.java:165)
	at org.jboss.msc@1.5.6.Final//org.jboss.msc.service.ServiceControllerImpl$StartTask.startService(ServiceControllerImpl.java:1553)
	at org.jboss.msc@1.5.6.Final//org.jboss.msc.service.ServiceControllerImpl$StartTask.execute(ServiceControllerImpl.java:1516)
	at org.jboss.msc@1.5.6.Final//org.jboss.msc.service.ServiceControllerImpl$ControllerTask.run(ServiceControllerImpl.java:1374)
	at org.jboss.threads@3.9.1//org.jboss.threads.ContextHandler$1.runWith(ContextHandler.java:18)
	at org.jboss.threads@3.9.1//org.jboss.threads.EnhancedQueueExecutor$Task.doRunWith(EnhancedQueueExecutor.java:2651)
	at org.jboss.threads@3.9.1//org.jboss.threads.EnhancedQueueExecutor$Task.run(EnhancedQueueExecutor.java:2630)
	at org.jboss.threads@3.9.1//org.jboss.threads.EnhancedQueueExecutor.runThreadBody(EnhancedQueueExecutor.java:1622)
	at org.jboss.threads@3.9.1//org.jboss.threads.EnhancedQueueExecutor$ThreadBody.run(EnhancedQueueExecutor.java:1589)
	at java.base/java.lang.Thread.run(Thread.java:840)
Caused by: java.lang.ClassNotFoundException: javax.servlet.jsp.tagext.TagLibraryValidator from [Module "deployment.atelier4-webb.war" from Service Module Loader]
	at org.jboss.modules.ModuleClassLoader.findClass(ModuleClassLoader.java:201)
	at org.jboss.modules.ConcurrentClassLoader.performLoadClassUnchecked(ConcurrentClassLoader.java:408)
	at org.jboss.modules.ConcurrentClassLoader.performLoadClass(ConcurrentClassLoader.java:396)
	at org.jboss.modules.ConcurrentClassLoader.loadClass(ConcurrentClassLoader.java:115)
	... 28 more

2025-10-31 12:39:11,392 WARN  [org.jboss.modules.define] (MSC service thread 1-7) Failed to define class javax.servlet.jsp.jstl.tlv.PermittedTaglibsTLV in Module "deployment.atelier4-webb.war" from Service Module Loader: java.lang.NoClassDefFoundError: Failed to link javax/servlet/jsp/jstl/tlv/PermittedTaglibsTLV (Module "deployment.atelier4-webb.war" from Service Module Loader): javax/servlet/jsp/tagext/TagLibraryValidator
	at java.base/java.lang.ClassLoader.defineClass1(Native Method)
	at java.base/java.lang.ClassLoader.defineClass(ClassLoader.java:1017)
	at java.base/java.lang.ClassLoader.defineClass(ClassLoader.java:1095)
	at org.jboss.modules.ModuleClassLoader.doDefineOrLoadClass(ModuleClassLoader.java:352)
	at org.jboss.modules.ModuleClassLoader.defineClass(ModuleClassLoader.java:483)
	at org.jboss.modules.ModuleClassLoader.loadClassLocal(ModuleClassLoader.java:277)
	at org.jboss.modules.ModuleClassLoader$1.loadClassLocal(ModuleClassLoader.java:79)
	at org.jboss.modules.Module.loadModuleClass(Module.java:798)
	at org.jboss.modules.ModuleClassLoader.findClass(ModuleClassLoader.java:193)
	at org.jboss.modules.ConcurrentClassLoader.performLoadClassUnchecked(ConcurrentClassLoader.java:408)
	at org.jboss.modules.ConcurrentClassLoader.performLoadClass(ConcurrentClassLoader.java:396)
	at org.jboss.modules.ConcurrentClassLoader.loadClass(ConcurrentClassLoader.java:115)
	at java.base/java.lang.Class.forName0(Native Method)
	at java.base/java.lang.Class.forName(Class.java:467)
	at org.jboss.as.ee@37.0.1.Final//org.jboss.as.ee.utils.ClassLoadingUtils.loadClass(ClassLoadingUtils.java:26)
	at org.jboss.as.ee@37.0.1.Final//org.jboss.as.ee.component.deployers.EEModuleConfigurationProcessor.deploy(EEModuleConfigurationProcessor.java:63)
	at org.jboss.as.server@29.0.1.Final//org.jboss.as.server.deployment.DeploymentUnitPhaseService.start(DeploymentUnitPhaseService.java:165)
	at org.jboss.msc@1.5.6.Final//org.jboss.msc.service.ServiceControllerImpl$StartTask.startService(ServiceControllerImpl.java:1553)
	at org.jboss.msc@1.5.6.Final//org.jboss.msc.service.ServiceControllerImpl$StartTask.execute(ServiceControllerImpl.java:1516)
	at org.jboss.msc@1.5.6.Final//org.jboss.msc.service.ServiceControllerImpl$ControllerTask.run(ServiceControllerImpl.java:1374)
	at org.jboss.threads@3.9.1//org.jboss.threads.ContextHandler$1.runWith(ContextHandler.java:18)
	at org.jboss.threads@3.9.1//org.jboss.threads.EnhancedQueueExecutor$Task.doRunWith(EnhancedQueueExecutor.java:2651)
	at org.jboss.threads@3.9.1//org.jboss.threads.EnhancedQueueExecutor$Task.run(EnhancedQueueExecutor.java:2630)
	at org.jboss.threads@3.9.1//org.jboss.threads.EnhancedQueueExecutor.runThreadBody(EnhancedQueueExecutor.java:1694)
	at org.jboss.threads@3.9.1//org.jboss.threads.EnhancedQueueExecutor$ThreadBody.run(EnhancedQueueExecutor.java:1589)
	at java.base/java.lang.Thread.run(Thread.java:840)
Caused by: java.lang.ClassNotFoundException: javax.servlet.jsp.tagext.TagLibraryValidator from [Module "deployment.atelier4-webb.war" from Service Module Loader]
	at org.jboss.modules.ModuleClassLoader.findClass(ModuleClassLoader.java:201)
	at org.jboss.modules.ConcurrentClassLoader.performLoadClassUnchecked(ConcurrentClassLoader.java:408)
	at org.jboss.modules.ConcurrentClassLoader.performLoadClass(ConcurrentClassLoader.java:396)
	at org.jboss.modules.ConcurrentClassLoader.loadClass(ConcurrentClassLoader.java:115)
	... 26 more

2025-10-31 12:39:11,393 WARN  [org.jboss.as.ee] (MSC service thread 1-7) WFLYEE0007: Not installing optional component javax.servlet.jsp.jstl.tlv.PermittedTaglibsTLV due to an exception (enable DEBUG log level to see the cause)
2025-10-31 12:39:11,746 WARN  [org.jboss.modules.define] (MSC service thread 1-7) Failed to define class javax.servlet.jsp.jstl.tlv.ScriptFreeTLV in Module "deployment.atelier4-webb.war" from Service Module Loader: java.lang.NoClassDefFoundError: Failed to link javax/servlet/jsp/jstl/tlv/ScriptFreeTLV (Module "deployment.atelier4-webb.war" from Service Module Loader): javax/servlet/jsp/tagext/TagLibraryValidator
	at java.base/java.lang.ClassLoader.defineClass1(Native Method)
	at java.base/java.lang.ClassLoader.defineClass(ClassLoader.java:1017)
	at java.base/java.lang.ClassLoader.defineClass(ClassLoader.java:1095)
	at org.jboss.modules.ModuleClassLoader.doDefineOrLoadClass(ModuleClassLoader.java:352)
	at org.jboss.modules.ModuleClassLoader.defineClass(ModuleClassLoader.java:483)
	at org.jboss.modules.ModuleClassLoader.loadClassLocal(ModuleClassLoader.java:277)
	at org.jboss.modules.ModuleClassLoader$1.loadClassLocal(ModuleClassLoader.java:79)
	at org.jboss.modules.Module.loadModuleClass(Module.java:798)
	at org.jboss.modules.ModuleClassLoader.findClass(ModuleClassLoader.java:193)
	at org.jboss.modules.ConcurrentClassLoader.performLoadClassUnchecked(ConcurrentClassLoader.java:408)
	at org.jboss.modules.ConcurrentClassLoader.performLoadClass(ConcurrentClassLoader.java:396)
	at org.jboss.modules.ConcurrentClassLoader.loadClass(ConcurrentClassLoader.java:115)
	at java.base/java.lang.Class.forName0(Native Method)
	at java.base/java.lang.Class.forName(Class.java:467)
	at org.jboss.as.ee@37.0.1.Final//org.jboss.as.ee.utils.ClassLoadingUtils.loadClass(ClassLoadingUtils.java:26)
	at org.jboss.as.ee@37.0.1.Final//org.jboss.as.ee.component.deployers.EEModuleConfigurationProcessor.deploy(EEModuleConfigurationProcessor.java:63)
	at org.jboss.as.server@29.0.1.Final//org.jboss.as.server.deployment.DeploymentUnitPhaseService.start(DeploymentUnitPhaseService.java:165)
	at org.jboss.msc@1.5.6.Final//org.jboss.msc.service.ServiceControllerImpl$StartTask.startService(ServiceControllerImpl.java:1553)
	at org.jboss.msc@1.5.6.Final//org.jboss.msc.service.ServiceControllerImpl$StartTask.execute(ServiceControllerImpl.java:1516)
	at org.jboss.msc@1.5.6.Final//org.jboss.msc.service.ServiceControllerImpl$ControllerTask.run(ServiceControllerImpl.java:1374)
	at org.jboss.threads@3.9.1//org.jboss.threads.ContextHandler$1.runWith(ContextHandler.java:18)
	at org.jboss.threads@3.9.1//org.jboss.threads.EnhancedQueueExecutor$Task.doRunWith(EnhancedQueueExecutor.java:2651)
	at org.jboss.threads@3.9.1//org.jboss.threads.EnhancedQueueExecutor$Task.run(EnhancedQueueExecutor.java:2630)
	at org.jboss.threads@3.9.1//org.jboss.threads.EnhancedQueueExecutor.runThreadBody(EnhancedQueueExecutor.java:1694)
	at org.jboss.threads@3.9.1//org.jboss.threads.EnhancedQueueExecutor$ThreadBody.run(EnhancedQueueExecutor.java:1589)
	at java.base/java.lang.Thread.run(Thread.java:840)
Caused by: java.lang.ClassNotFoundException: javax.servlet.jsp.tagext.TagLibraryValidator from [Module "deployment.atelier4-webb.war" from Service Module Loader]
	at org.jboss.modules.ModuleClassLoader.findClass(ModuleClassLoader.java:201)
	at org.jboss.modules.ConcurrentClassLoader.performLoadClassUnchecked(ConcurrentClassLoader.java:408)
	at org.jboss.modules.ConcurrentClassLoader.performLoadClass(ConcurrentClassLoader.java:396)
	at org.jboss.modules.ConcurrentClassLoader.loadClass(ConcurrentClassLoader.java:115)
	... 26 more

2025-10-31 12:39:11,748 WARN  [org.jboss.as.ee] (MSC service thread 1-7) WFLYEE0007: Not installing optional component javax.servlet.jsp.jstl.tlv.ScriptFreeTLV due to an exception (enable DEBUG log level to see the cause)
2025-10-31 12:39:12,191 INFO  [org.wildfly.extension.undertow] (ServerService Thread Pool -- 47) WFLYUT0021: Registered web context: '/atelier4-webb' for server 'default-server'
2025-10-31 12:39:12,264 INFO  [org.jboss.as.server] (management-handler-thread - 2) WFLYSRV0010: Deployed "atelier4-webb" (runtime-name : "atelier4-webb.war")
2025-10-31 12:48:05,397 INFO  [org.wildfly.extension.undertow] (ServerService Thread Pool -- 95) WFLYUT0022: Unregistered web context: '/atelier4-webb' from server 'default-server'
2025-10-31 12:48:05,472 INFO  [org.jboss.as.server.deployment] (MSC service thread 1-4) WFLYSRV0028: Stopped deployment atelier4-webb (runtime-name: atelier4-webb.war) in 109ms
2025-10-31 12:48:05,534 INFO  [org.jboss.as.server] (management-handler-thread - 2) WFLYSRV0009: Undeployed "atelier4-webb" (runtime-name: "atelier4-webb.war")
2025-10-31 12:48:05,755 INFO  [org.wildfly.extension.undertow] (ServerService Thread Pool -- 129) WFLYUT0022: Unregistered web context: '/atelier4-ejb' from server 'default-server'
2025-10-31 12:48:05,768 INFO  [org.jboss.as.server.deployment] (MSC service thread 1-7) WFLYSRV0028: Stopped deployment atelier4-ejb (runtime-name: atelier4-ejb.war) in 14ms
2025-10-31 12:48:06,003 INFO  [org.jboss.as.server] (management-handler-thread - 2) WFLYSRV0009: Undeployed "atelier4-ejb" (runtime-name: "atelier4-ejb.war")
2025-10-31 12:48:06,288 INFO  [org.jboss.as.server] (management-handler-thread - 3) WFLYSRV0272: Suspending server
2025-10-31 12:48:06,303 INFO  [org.jboss.as.ejb3] (management-handler-thread - 3) WFLYEJB0493: Jakarta Enterprise Beans subsystem suspension complete
2025-10-31 12:48:06,365 INFO  [org.jboss.as.server] (Management Triggered Shutdown) WFLYSRV0241: Shutting down in response to management operation 'shutdown'
2025-10-31 12:48:06,382 INFO  [org.wildfly.extension.undertow] (ServerService Thread Pool -- 112) WFLYUT0022: Unregistered web context: '/atelier3-1.0-SNAPSHOT' from server 'default-server'
2025-10-31 12:48:06,397 INFO  [org.jboss.as.connector.deployers.jdbc] (MSC service thread 1-7) WFLYJCA0019: Stopped Driver service with driver-name = atelier3-1.0-SNAPSHOT.war_com.mysql.cj.jdbc.Driver_8_0
2025-10-31 12:48:06,419 INFO  [org.jboss.as.mail.extension] (MSC service thread 1-4) WFLYMAIL0002: Unbound mail session [java:jboss/mail/Default]
2025-10-31 12:48:06,440 INFO  [org.wildfly.extension.undertow] (MSC service thread 1-2) WFLYUT0019: Host default-host stopping
2025-10-31 12:48:06,455 INFO  [org.jboss.as.connector.subsystems.datasources] (MSC service thread 1-9) WFLYJCA0010: Unbound data source [java:jboss/datasources/ExampleDS]
2025-10-31 12:48:06,460 INFO  [org.jboss.as.jpa] (ServerService Thread Pool -- 112) WFLYJPA0011: Stopping Persistence Unit (phase 2 of 2) Service 'atelier3-1.0-SNAPSHOT#mycnx'
2025-10-31 12:48:06,464 INFO  [org.jboss.as.connector.deployers.jdbc] (MSC service thread 1-6) WFLYJCA0019: Stopped Driver service with driver-name = h2
2025-10-31 12:48:06,478 INFO  [org.jboss.as.jpa] (ServerService Thread Pool -- 112) WFLYJPA0011: Stopping Persistence Unit (phase 1 of 2) Service 'atelier3-1.0-SNAPSHOT#mycnx'
2025-10-31 12:48:06,481 INFO  [org.jboss.as.connector.subsystems.datasources] (MSC service thread 1-8) WFLYJCA0010: Unbound data source [java:/MySqlDS]
2025-10-31 12:48:06,791 INFO  [org.jboss.as.clustering.infinispan] (ServerService Thread Pool -- 129) Stopped hibernate cache container
2025-10-31 12:48:07,047 INFO  [org.jboss.as.connector.deployers.jdbc] (MSC service thread 1-6) WFLYJCA0019: Stopped Driver service with driver-name = mysql-connector-j-8.0.33.jar
2025-10-31 12:48:07,069 INFO  [org.wildfly.extension.undertow] (MSC service thread 1-4) WFLYUT0008: Undertow HTTPS listener https suspending
2025-10-31 12:48:07,070 INFO  [org.wildfly.extension.undertow] (MSC service thread 1-4) WFLYUT0007: Undertow HTTPS listener https stopped, was bound to 127.0.0.1:8443
2025-10-31 12:48:07,137 INFO  [org.wildfly.extension.undertow] (MSC service thread 1-3) WFLYUT0008: Undertow HTTP listener default suspending
2025-10-31 12:48:07,140 INFO  [org.wildfly.extension.undertow] (MSC service thread 1-3) WFLYUT0007: Undertow HTTP listener default stopped, was bound to 127.0.0.1:8080
2025-10-31 12:48:07,143 INFO  [org.wildfly.extension.undertow] (MSC service thread 1-4) WFLYUT0004: Undertow 2.3.18.Final stopping
2025-10-31 12:48:07,214 INFO  [org.jboss.as.server.deployment] (MSC service thread 1-2) WFLYSRV0028: Stopped deployment mysql-connector-j-8.0.33.jar (runtime-name: mysql-connector-j-8.0.33.jar) in 798ms
2025-10-31 12:48:07,897 INFO  [org.jboss.as.server.deployment] (MSC service thread 1-3) WFLYSRV0028: Stopped deployment atelier3-1.0-SNAPSHOT (runtime-name: atelier3-1.0-SNAPSHOT.war) in 1481ms
2025-10-31 12:48:07,909 INFO  [org.jboss.as] (MSC service thread 1-9) WFLYSRV0050: WildFly 37.0.1.Final (WildFly Core 29.0.1.Final) stopped in 1494ms
2025-10-31 12:53:03,985 INFO  [org.jboss.modules] (main) JBoss Modules version 2.1.6.Final
2025-10-31 12:53:05,845 INFO  [org.jboss.msc] (main) JBoss MSC version 1.5.6.Final
2025-10-31 12:53:05,875 INFO  [org.jboss.threads] (main) JBoss Threads version 3.9.1
2025-10-31 12:53:06,165 INFO  [org.jboss.as] (MSC service thread 1-3) WFLYSRV0049: WildFly 37.0.1.Final (WildFly Core 29.0.1.Final) starting
2025-10-31 12:53:06,168 DEBUG [org.jboss.as.config] (MSC service thread 1-3) Configured system properties:
	file.encoding = Cp1252
	file.separator = \
	java.awt.headless = true
	java.class.path = C:\Users\DELL\Downloads\wildfly-37.0.1.Final\wildfly-37.0.1.Final\jboss-modules.jar
	java.class.version = 61.0
	java.home = C:\Program Files\Eclipse Adoptium\jdk-17.0.16.8-hotspot
	java.io.tmpdir = C:\Users\DELL\AppData\Local\Temp\
	java.library.path = C:\Program Files\Eclipse Adoptium\jdk-17.0.16.8-hotspot\bin;C:\WINDOWS\Sun\Java\bin;C:\WINDOWS\system32;C:\WINDOWS;C:\Program Files\Eclipse Adoptium\jdk-17.0.16.8-hotspot\bin;C:\msys64\ucrt64\bin;C:\Users\DELL\AppData\Local\Microsoft\WindowsApps.;C:\Program Files (x86)\Common Files\Oracle\Java\javapath;C:\WINDOWS\system32;C:\WINDOWS;C:\WINDOWS\System32\Wbem;C:\WINDOWS\System32\WindowsPowerShell\v1.0\;C:\WINDOWS\System32\OpenSSH\;C:\MinGW\bin;C:\xampp\php;C:\composer;C:\sqlite;C:\Program Files\Java\jdk-23\bin;C:\Program Files\Git\cmd;C:\Program Files\nodejs\;C:\Program Files\dotnet\;C:\apache-cassandra-3.11.10;C:\Python27;C:\Python27\Scripts;C:\Program Files (x86)\GTK2-Runtime\bin;C:\Program Files (x86)\GTK2-Runtime\bin;C:\Program Files\wkhtmltopdf\bin;C:\ffmpeg\bin;C:\Program Files\Docker\Docker\resources\bin;C:\Program Files\Eclipse Adoptium\jdk-17.0.16.8-hotspot\\bin;C:\Users\DELL\.cargo\bin;C:\Python27;C:\Python27\Scripts;C:\Program Files (x86)\Common Files\Oracle\Java\javapath;C:\WINDOWS\system32;C:\WINDOWS;C:\WINDOWS\System32\Wbem;C:\WINDOWS\System32\WindowsPowerShell\v1.0\;C:\WINDOWS\System32\OpenSSH\;C:\MinGW\bin;C:\xampp\php;C:\composer;C:\sqlite;C:\Program Files\Java\jdk-23\bin;C:\Program Files\Git\cmd;C:\Program Files\nodejs\;C:\Program Files (x86)\Windows Kits\10\Windows Performance Toolkit\;C:\Program Files\dotnet\;C:\apache-cassandra-3.11.10;C:\Users\DELL\AppData\Local\Programs\Python\Python313\Scripts\;C:\Users\DELL\AppData\Local\Programs\Python\Python313\;C:\Users\DELL\AppData\Local\Programs\Python\Launcher\;C:\Users\DELL\AppData\Local\Microsoft\WindowsApps;C:\Users\DELL\Ap;C:\Users\DELL\AppData\Local\Programs\Microsoft VS Code\bin;C:\Users\DELL\AppData\Roaming\npm;C:\msys64\ucrt64\bin;C:\Program Files\wkhtmltopdf\bin;C:\Users\DELL\AppData\Local\Programs\IntelliJ IDEA 2025.2.2\bin;C:\Program Files\Eclipse Adoptium\jdk-17.0.16.8-hotspot\bin;;.
	java.net.preferIPv4Stack = true
	java.runtime.name = OpenJDK Runtime Environment
	java.runtime.version = 17.0.16+8
	java.specification.maintenance.version = 1
	java.specification.name = Java Platform API Specification
	java.specification.vendor = Oracle Corporation
	java.specification.version = 17
	java.util.logging.manager = org.jboss.logmanager.LogManager
	java.vendor = Eclipse Adoptium
	java.vendor.url = https://adoptium.net/
	java.vendor.url.bug = https://github.com/adoptium/adoptium-support/issues
	java.vendor.version = Temurin-17.0.16+8
	java.version = 17.0.16
	java.version.date = 2025-07-15
	java.vm.compressedOopsMode = 32-bit
	java.vm.info = mixed mode, sharing
	java.vm.name = OpenJDK 64-Bit Server VM
	java.vm.specification.name = Java Virtual Machine Specification
	java.vm.specification.vendor = Oracle Corporation
	java.vm.specification.version = 17
	java.vm.vendor = Eclipse Adoptium
	java.vm.version = 17.0.16+8
	javax.management.builder.initial = org.jboss.as.jmx.PluggableMBeanServerBuilder
	jboss.home.dir = C:\Users\DELL\Downloads\wildfly-37.0.1.Final\wildfly-37.0.1.Final
	jboss.host.name = desktop-dbuvlt4
	jboss.modules.system.pkgs = org.jboss.byteman
	jboss.node.name = desktop-dbuvlt4
	jboss.qualified.host.name = desktop-dbuvlt4
	jboss.server.base.dir = C:\Users\DELL\Downloads\wildfly-37.0.1.Final\wildfly-37.0.1.Final\standalone
	jboss.server.config.dir = C:\Users\DELL\Downloads\wildfly-37.0.1.Final\wildfly-37.0.1.Final\standalone\configuration
	jboss.server.data.dir = C:\Users\DELL\Downloads\wildfly-37.0.1.Final\wildfly-37.0.1.Final\standalone\data
	jboss.server.log.dir = C:\Users\DELL\Downloads\wildfly-37.0.1.Final\wildfly-37.0.1.Final\standalone\log
	jboss.server.name = desktop-dbuvlt4
	jboss.server.persist.config = true
	jboss.server.temp.dir = C:\Users\DELL\Downloads\wildfly-37.0.1.Final\wildfly-37.0.1.Final\standalone\tmp
	jboss.threads.eqe.statistics = true
	jdk.debug = release
	jdk.serialFilter = maxbytes=10485760;maxdepth=128;maxarray=100000;maxrefs=300000
	line.separator = 

	logging.configuration = file:C:\Users\DELL\Downloads\wildfly-37.0.1.Final\wildfly-37.0.1.Final\standalone\configuration/logging.properties
	module.path = C:\Users\DELL\Downloads\wildfly-37.0.1.Final\wildfly-37.0.1.Final\modules
	native.encoding = Cp1252
	org.jboss.boot.log.file = C:\Users\DELL\Downloads\wildfly-37.0.1.Final\wildfly-37.0.1.Final\standalone\log\server.log
	org.jboss.resolver.warning = true
	os.arch = amd64
	os.name = Windows 10
	os.version = 10.0
	path.separator = ;
	program.name = standalone.bat
	sun.arch.data.model = 64
	sun.boot.library.path = C:\Program Files\Eclipse Adoptium\jdk-17.0.16.8-hotspot\bin
	sun.cpu.endian = little
	sun.cpu.isalist = amd64
	sun.io.unicode.encoding = UnicodeLittle
	sun.java.command = C:\Users\DELL\Downloads\wildfly-37.0.1.Final\wildfly-37.0.1.Final\jboss-modules.jar -mp C:\Users\DELL\Downloads\wildfly-37.0.1.Final\wildfly-37.0.1.Final\modules org.jboss.as.standalone -Djboss.home.dir=C:\Users\DELL\Downloads\wildfly-37.0.1.Final\wildfly-37.0.1.Final
	sun.java.launcher = SUN_STANDARD
	sun.jnu.encoding = Cp1252
	sun.management.compiler = HotSpot 64-Bit Tiered Compilers
	sun.os.patch.level = 
	user.country = FR
	user.dir = C:\Users\DELL\Downloads\wildfly-37.0.1.Final\wildfly-37.0.1.Final\bin
	user.home = C:\Users\DELL
	user.language = fr
	user.name = DELL
	user.script = 
	user.timezone = Africa/Casablanca
	user.variant = 
2025-10-31 12:53:06,169 DEBUG [org.jboss.as.config] (MSC service thread 1-3) VM Arguments: -Dprogram.name=standalone.bat -Xms64M -Xmx512M -Djava.net.preferIPv4Stack=true -Djboss.modules.system.pkgs=org.jboss.byteman -Djava.awt.headless=true -Djdk.serialFilter=maxbytes=10485760;maxdepth=128;maxarray=100000;maxrefs=300000 --add-exports=java.desktop/sun.awt=ALL-UNNAMED --add-exports=java.naming/com.sun.jndi.ldap=ALL-UNNAMED --add-exports=java.naming/com.sun.jndi.url.ldap=ALL-UNNAMED --add-exports=java.naming/com.sun.jndi.url.ldaps=ALL-UNNAMED --add-exports=jdk.naming.dns/com.sun.jndi.dns=ALL-UNNAMED --add-opens=java.base/java.lang=ALL-UNNAMED --add-opens=java.base/java.lang.invoke=ALL-UNNAMED --add-opens=java.base/java.lang.reflect=ALL-UNNAMED --add-opens=java.base/java.io=ALL-UNNAMED --add-opens=java.base/java.net=ALL-UNNAMED --add-opens=java.base/java.security=ALL-UNNAMED --add-opens=java.base/java.util=ALL-UNNAMED --add-opens=java.base/java.util.concurrent=ALL-UNNAMED --add-opens=java.management/javax.management=ALL-UNNAMED --add-opens=java.naming/javax.naming=ALL-UNNAMED -Dorg.jboss.boot.log.file=C:\Users\DELL\Downloads\wildfly-37.0.1.Final\wildfly-37.0.1.Final\standalone\log\server.log -Dlogging.configuration=file:C:\Users\DELL\Downloads\wildfly-37.0.1.Final\wildfly-37.0.1.Final\standalone\configuration/logging.properties 
2025-10-31 12:53:08,992 INFO  [org.wildfly.security] (Controller Boot Thread) ELY00001: WildFly Elytron version 2.6.4.Final
2025-10-31 12:53:10,421 INFO  [org.jboss.as.server] (Controller Boot Thread) WFLYSRV0039: Creating http management service using socket-binding (management-http)
2025-10-31 12:53:10,468 INFO  [org.xnio] (MSC service thread 1-4) XNIO version 3.8.16.Final
2025-10-31 12:53:10,492 INFO  [org.xnio.nio] (MSC service thread 1-4) XNIO NIO Implementation Version 3.8.16.Final
2025-10-31 12:53:10,716 INFO  [org.wildfly.extension.elytron.oidc._private] (ServerService Thread Pool -- 54) WFLYOIDC0001: Activating WildFly Elytron OIDC Subsystem
2025-10-31 12:53:10,719 INFO  [org.wildfly.extension.health] (ServerService Thread Pool -- 55) WFLYHEALTH0001: Activating Base Health Subsystem
2025-10-31 12:53:10,734 INFO  [org.jboss.as.clustering.infinispan] (ServerService Thread Pool -- 56) WFLYCLINF0001: Activating Infinispan subsystem.
2025-10-31 12:53:10,764 INFO  [org.jboss.as.jaxrs] (ServerService Thread Pool -- 58) WFLYRS0016: RESTEasy version 6.2.12.Final
2025-10-31 12:53:10,779 INFO  [org.jboss.as.jsf] (ServerService Thread Pool -- 63) WFLYJSF0007: Activated the following Jakarta Server Faces Implementations: [main]
2025-10-31 12:53:10,782 INFO  [org.wildfly.extension.io] (ServerService Thread Pool -- 57) WFLYIO001: Worker 'default' has auto-configured to 8 IO threads with 64 max task threads based on your 4 available processors
2025-10-31 12:53:10,846 INFO  [org.jboss.as.server.deployment] (MSC service thread 1-5) WFLYSRV0027: Starting deployment of "mysql-connector-j-8.0.33.jar" (runtime-name: "mysql-connector-j-8.0.33.jar")
2025-10-31 12:53:10,868 INFO  [org.wildfly.extension.metrics] (ServerService Thread Pool -- 65) WFLYMETRICS0001: Activating Base Metrics Subsystem
2025-10-31 12:53:10,905 INFO  [org.wildfly.extension.microprofile.jwt.smallrye] (ServerService Thread Pool -- 67) WFLYJWT0001: Activating MicroProfile JWT Subsystem
2025-10-31 12:53:10,907 INFO  [org.jboss.as.connector] (MSC service thread 1-5) WFLYJCA0009: Starting Jakarta Connectors Subsystem (WildFly/IronJacamar 3.0.14.Final)
2025-10-31 12:53:10,910 INFO  [org.wildfly.extension.microprofile.config.smallrye] (ServerService Thread Pool -- 66) WFLYCONF0001: Activating MicroProfile Config Subsystem
2025-10-31 12:53:10,968 INFO  [org.jboss.as.connector.subsystems.datasources] (ServerService Thread Pool -- 45) WFLYJCA0004: Deploying JDBC-compliant driver class org.h2.Driver (version 2.2)
2025-10-31 12:53:11,092 WARN  [org.jboss.as.txn] (ServerService Thread Pool -- 75) WFLYTX0013: The node-identifier attribute on the /subsystem=transactions is set to the default value. This is a danger for environments running multiple servers. Please make sure the attribute value is unique.
2025-10-31 12:53:11,122 INFO  [org.jboss.as.naming] (ServerService Thread Pool -- 68) WFLYNAM0001: Activating Naming Subsystem
2025-10-31 12:53:11,253 INFO  [org.jboss.remoting] (MSC service thread 1-5) JBoss Remoting version 5.0.31.Final
2025-10-31 12:53:11,260 INFO  [org.jboss.as.webservices] (ServerService Thread Pool -- 77) WFLYWS0002: Activating WebServices Extension
2025-10-31 12:53:11,263 INFO  [org.jboss.as.connector.deployers.jdbc] (MSC service thread 1-9) WFLYJCA0018: Started Driver service with driver-name = h2
2025-10-31 12:53:11,373 WARN  [org.wildfly.extension.elytron] (MSC service thread 1-9) WFLYELY00023: KeyStore file 'C:\Users\DELL\Downloads\wildfly-37.0.1.Final\wildfly-37.0.1.Final\standalone\configuration\application.keystore' does not exist. Used blank.
2025-10-31 12:53:11,622 INFO  [org.jboss.as.naming] (MSC service thread 1-4) WFLYNAM0003: Starting Naming Service
2025-10-31 12:53:11,674 WARN  [org.wildfly.extension.elytron] (MSC service thread 1-8) WFLYELY01084: KeyStore C:\Users\DELL\Downloads\wildfly-37.0.1.Final\wildfly-37.0.1.Final\standalone\configuration\application.keystore not found, it will be auto-generated on first use with a self-signed certificate for host localhost
2025-10-31 12:53:11,754 INFO  [org.wildfly.extension.undertow] (MSC service thread 1-6) WFLYUT0003: Undertow 2.3.18.Final starting
2025-10-31 12:53:11,867 INFO  [org.jboss.as.ejb3] (MSC service thread 1-6) WFLYEJB0481: Strict pool slsb-strict-max-pool is using a max instance size of 64 (per class), which is derived from thread worker pool sizing.
2025-10-31 12:53:11,867 INFO  [org.jboss.as.ejb3] (MSC service thread 1-8) WFLYEJB0482: Strict pool mdb-strict-max-pool is using a max instance size of 16 (per class), which is derived from the number of CPUs on this host.
2025-10-31 12:53:11,925 INFO  [org.wildfly.extension.undertow] (ServerService Thread Pool -- 76) WFLYUT0014: Creating file handler for path 'C:\Users\DELL\Downloads\wildfly-37.0.1.Final\wildfly-37.0.1.Final/welcome-content' with options [directory-listing: 'false', follow-symlink: 'false', case-sensitive: 'true', safe-symlink-paths: '[]']
2025-10-31 12:53:12,002 INFO  [org.wildfly.extension.undertow] (MSC service thread 1-8) WFLYUT0012: Started server default-server.
2025-10-31 12:53:12,007 INFO  [org.wildfly.extension.undertow] (MSC service thread 1-8) Queuing requests.
2025-10-31 12:53:12,017 INFO  [org.wildfly.extension.undertow] (MSC service thread 1-8) WFLYUT0018: Host default-host starting
2025-10-31 12:53:12,474 INFO  [org.jboss.as.server.deployment] (MSC service thread 1-7) WFLYSRV0027: Starting deployment of "atelier3-1.0-SNAPSHOT" (runtime-name: "atelier3-1.0-SNAPSHOT.war")
2025-10-31 12:53:12,506 INFO  [org.jboss.as.server.deployment.scanner] (MSC service thread 1-4) WFLYDS0013: Started FileSystemDeploymentService for directory C:\Users\DELL\Downloads\wildfly-37.0.1.Final\wildfly-37.0.1.Final\standalone\deployments
2025-10-31 12:53:15,053 INFO  [org.jboss.as.mail.extension] (MSC service thread 1-3) WFLYMAIL0001: Bound mail session [java:jboss/mail/Default]
2025-10-31 12:53:15,178 INFO  [org.wildfly.extension.undertow] (MSC service thread 1-8) WFLYUT0006: Undertow HTTP listener default listening on 127.0.0.1:8080
2025-10-31 12:53:15,204 INFO  [org.wildfly.extension.undertow] (MSC service thread 1-4) WFLYUT0006: Undertow HTTPS listener https listening on 127.0.0.1:8443
2025-10-31 12:53:15,678 INFO  [org.jboss.as.ejb3] (MSC service thread 1-5) WFLYEJB0493: Jakarta Enterprise Beans subsystem suspension complete
2025-10-31 12:53:16,129 INFO  [org.jboss.ws.common.management] (MSC service thread 1-3) JBWS022052: Starting JBossWS 7.3.3.Final (Apache CXF 4.0.9) 
2025-10-31 12:53:16,451 INFO  [org.jboss.as.connector.subsystems.datasources] (MSC service thread 1-4) WFLYJCA0001: Bound data source [java:jboss/datasources/ExampleDS]
2025-10-31 12:53:17,851 INFO  [org.jboss.as.connector.deployers.jdbc] (MSC service thread 1-2) WFLYJCA0005: Deploying non-JDBC-compliant driver class com.mysql.cj.jdbc.Driver (version 8.0)
2025-10-31 12:53:17,894 INFO  [org.jboss.as.connector.deployers.jdbc] (MSC service thread 1-7) WFLYJCA0018: Started Driver service with driver-name = mysql-connector-j-8.0.33.jar
2025-10-31 12:53:17,909 INFO  [org.jboss.as.connector.subsystems.datasources] (MSC service thread 1-8) WFLYJCA0001: Bound data source [java:/MySqlDS]
2025-10-31 12:53:27,991 INFO  [org.jboss.as.jpa] (MSC service thread 1-9) WFLYJPA0002: Read persistence.xml for mycnx
2025-10-31 12:53:34,657 INFO  [org.jipijapa] (MSC service thread 1-5) JIPIORMV6020260: Second level cache enabled for atelier3-1.0-SNAPSHOT#mycnx
2025-10-31 12:53:35,223 INFO  [org.jboss.weld.deployer] (MSC service thread 1-6) WFLYWELD0003: Processing weld deployment atelier3-1.0-SNAPSHOT.war
2025-10-31 12:53:36,521 INFO  [org.hibernate.validator.internal.util.Version] (MSC service thread 1-6) HV000001: Hibernate Validator 8.0.2.Final
2025-10-31 12:53:36,716 INFO  [org.infinispan.CONTAINER] (ServerService Thread Pool -- 79) ISPN000556: Starting user marshaller 'org.wildfly.clustering.cache.infinispan.marshalling.UserMarshaller'
2025-10-31 12:53:37,251 INFO  [org.jboss.as.ejb3.deployment] (MSC service thread 1-6) WFLYEJB0473: JNDI bindings for session bean named 'CategorieBean' in deployment unit 'deployment "atelier3-1.0-SNAPSHOT.war"' are as follows:

	java:global/atelier3-1.0-SNAPSHOT/CategorieBean!ma.fstt.beans.CategorieBean
	java:app/atelier3-1.0-SNAPSHOT/CategorieBean!ma.fstt.beans.CategorieBean
	java:module/CategorieBean!ma.fstt.beans.CategorieBean
	java:global/atelier3-1.0-SNAPSHOT/CategorieBean
	java:app/atelier3-1.0-SNAPSHOT/CategorieBean
	java:module/CategorieBean

2025-10-31 12:53:38,338 INFO  [org.jipijapa] (MSC service thread 1-8) JIPIORMV6020260: Second level cache enabled for atelier3-1.0-SNAPSHOT#mycnx
2025-10-31 12:53:38,583 INFO  [org.jboss.as.clustering.infinispan] (ServerService Thread Pool -- 79) Started hibernate cache container
2025-10-31 12:53:38,604 INFO  [org.jboss.as.jpa] (ServerService Thread Pool -- 79) WFLYJPA0010: Starting Persistence Unit (phase 1 of 2) Service 'atelier3-1.0-SNAPSHOT#mycnx'
2025-10-31 12:53:38,717 INFO  [org.hibernate.jpa.internal.util.LogHelper] (ServerService Thread Pool -- 79) HHH000204: Processing PersistenceUnitInfo [name: mycnx]
2025-10-31 12:53:39,484 INFO  [org.hibernate.Version] (ServerService Thread Pool -- 79) HHH000412: Hibernate ORM core version 6.6.26.Final
2025-10-31 12:53:39,800 INFO  [org.jboss.as.connector.deployers.jdbc] (MSC service thread 1-8) WFLYJCA0005: Deploying non-JDBC-compliant driver class com.mysql.cj.jdbc.Driver (version 8.0)
2025-10-31 12:53:39,898 INFO  [org.jboss.weld.Version] (MSC service thread 1-8) WELD-000900: 5.1.6 (Final)
2025-10-31 12:53:40,033 INFO  [org.jboss.as.connector.deployers.jdbc] (MSC service thread 1-6) WFLYJCA0018: Started Driver service with driver-name = atelier3-1.0-SNAPSHOT.war_com.mysql.cj.jdbc.Driver_8_0
2025-10-31 12:53:40,309 WARN  [org.hibernate.dialect.Dialect] (ServerService Thread Pool -- 79) HHH000511: The 5.5.5 version for [org.hibernate.dialect.MySQLDialect] is no longer supported, hence certain features may not work properly. The minimum supported version is 8.0.0. Check the community dialects project for available legacy versions.
2025-10-31 12:53:40,386 INFO  [org.hibernate.orm.connections.pooling] (ServerService Thread Pool -- 79) HHH10001005: Database info:
	Database JDBC URL [Connecting through datasource 'org.jboss.as.connector.subsystems.datasources.WildFlyDataSource@756dfee9']
	Database driver: undefined/unknown
	Database version: 5.5.5
	Autocommit mode: undefined/unknown
	Isolation level: undefined/unknown
	Minimum pool size: undefined/unknown
	Maximum pool size: undefined/unknown
2025-10-31 12:53:40,400 INFO  [org.hibernate.cache.internal.RegionFactoryInitiator] (ServerService Thread Pool -- 79) HHH000025: Second-level cache region factory [org.infinispan.hibernate.cache.v62.InfinispanRegionFactory]
2025-10-31 12:53:40,671 INFO  [org.hibernate.envers.boot.internal.EnversServiceImpl] (ServerService Thread Pool -- 79) Envers integration enabled? : true
2025-10-31 12:53:41,274 INFO  [org.jboss.as.jpa] (ServerService Thread Pool -- 79) WFLYJPA0010: Starting Persistence Unit (phase 2 of 2) Service 'atelier3-1.0-SNAPSHOT#mycnx'
2025-10-31 12:53:44,491 INFO  [stdout] (ServerService Thread Pool -- 79) Hibernate: 
2025-10-31 12:53:44,492 INFO  [stdout] (ServerService Thread Pool -- 79)     alter table commandes 
2025-10-31 12:53:44,492 INFO  [stdout] (ServerService Thread Pool -- 79)        modify column statut enum ('ANNULEE','CONFIRMEE','EN_ATTENTE','EN_PREPARATION','EXPEDIEE','LIVREE') not null
2025-10-31 12:53:46,542 INFO  [jakarta.enterprise.resource.webcontainer.faces.config] (ServerService Thread Pool -- 89) Initialisation de Mojarra 4.0.11 pour le contexte «/atelier3-1.0-SNAPSHOT»
2025-10-31 12:53:48,057 INFO  [jakarta.enterprise.resource.webcontainer.faces.config] (ServerService Thread Pool -- 89) Monitoring file:/C:/Users/DELL/IdeaProjects/atelier3/target/atelier3-1.0-SNAPSHOT/WEB-INF/faces-config.xml for modifications
2025-10-31 12:53:48,439 INFO  [org.primefaces.webapp.PostConstructApplicationEventListener] (ServerService Thread Pool -- 89) Running on PrimeFaces 15.0.0
2025-10-31 12:53:48,478 INFO  [org.wildfly.extension.undertow] (ServerService Thread Pool -- 89) WFLYUT0021: Registered web context: '/atelier3-1.0-SNAPSHOT' for server 'default-server'
2025-10-31 12:53:48,599 INFO  [org.jboss.as.server] (Controller Boot Thread) WFLYSRV0010: Deployed "atelier3-1.0-SNAPSHOT" (runtime-name : "atelier3-1.0-SNAPSHOT.war")
2025-10-31 12:53:48,601 INFO  [org.jboss.as.server] (ServerService Thread Pool -- 46) WFLYSRV0010: Deployed "mysql-connector-j-8.0.33.jar" (runtime-name : "mysql-connector-j-8.0.33.jar")
2025-10-31 12:53:48,730 INFO  [org.jboss.as.server] (Controller Boot Thread) WFLYSRV0212: Resuming server
2025-10-31 12:53:48,741 INFO  [org.jboss.as] (Controller Boot Thread) WFLYSRV0060: Http management interface listening on http://127.0.0.1:9990/management
2025-10-31 12:53:48,741 INFO  [org.jboss.as] (Controller Boot Thread) WFLYSRV0051: Admin console listening on http://127.0.0.1:9990
2025-10-31 12:53:48,744 INFO  [org.jboss.as] (Controller Boot Thread) WFLYSRV0025: WildFly 37.0.1.Final (WildFly Core 29.0.1.Final) started in 46234ms - Started 577 of 766 services (338 services are lazy, passive or on-demand) - Server configuration file in use: standalone.xml - Minimum feature stability level: community
2025-10-31 12:53:49,126 INFO  [org.jboss.as.server.deployment] (MSC service thread 1-2) WFLYSRV0027: Starting deployment of "atelier4-ejb" (runtime-name: "atelier4-ejb.war")
2025-10-31 12:53:49,316 INFO  [org.wildfly.extension.undertow] (ServerService Thread Pool -- 6) WFLYUT0021: Registered web context: '/atelier4-ejb' for server 'default-server'
2025-10-31 12:53:49,359 INFO  [org.jboss.as.server] (management-handler-thread - 2) WFLYSRV0010: Deployed "atelier4-ejb" (runtime-name : "atelier4-ejb.war")
2025-10-31 12:53:49,511 INFO  [org.jboss.as.server.deployment] (MSC service thread 1-5) WFLYSRV0027: Starting deployment of "atelier4-webb" (runtime-name: "atelier4-webb.war")
2025-10-31 12:53:49,764 WARN  [org.jboss.modules.define] (MSC service thread 1-5) Failed to define class javax.servlet.jsp.jstl.tlv.PermittedTaglibsTLV in Module "deployment.atelier4-webb.war" from Service Module Loader: java.lang.NoClassDefFoundError: Failed to link javax/servlet/jsp/jstl/tlv/PermittedTaglibsTLV (Module "deployment.atelier4-webb.war" from Service Module Loader): javax/servlet/jsp/tagext/TagLibraryValidator
	at java.base/java.lang.ClassLoader.defineClass1(Native Method)
	at java.base/java.lang.ClassLoader.defineClass(ClassLoader.java:1017)
	at java.base/java.lang.ClassLoader.defineClass(ClassLoader.java:1095)
	at org.jboss.modules.ModuleClassLoader.doDefineOrLoadClass(ModuleClassLoader.java:352)
	at org.jboss.modules.ModuleClassLoader.defineClass(ModuleClassLoader.java:483)
	at org.jboss.modules.ModuleClassLoader.loadClassLocal(ModuleClassLoader.java:277)
	at org.jboss.modules.ModuleClassLoader$1.loadClassLocal(ModuleClassLoader.java:79)
	at org.jboss.modules.Module.loadModuleClass(Module.java:798)
	at org.jboss.modules.ModuleClassLoader.findClass(ModuleClassLoader.java:193)
	at org.jboss.modules.ConcurrentClassLoader.performLoadClassUnchecked(ConcurrentClassLoader.java:408)
	at org.jboss.modules.ConcurrentClassLoader.performLoadClass(ConcurrentClassLoader.java:396)
	at org.jboss.modules.ConcurrentClassLoader.loadClass(ConcurrentClassLoader.java:115)
	at java.base/java.lang.Class.forName0(Native Method)
	at java.base/java.lang.Class.forName(Class.java:467)
	at org.jboss.as.ee@37.0.1.Final//org.jboss.as.ee.utils.ClassLoadingUtils.loadClass(ClassLoadingUtils.java:26)
	at org.jboss.as.ee@37.0.1.Final//org.jboss.as.ee.utils.ClassLoadingUtils.loadClass(ClassLoadingUtils.java:19)
	at org.jboss.as.ee@37.0.1.Final//org.jboss.as.ee.component.deployers.InterceptorAnnotationProcessor.processComponentConfig(InterceptorAnnotationProcessor.java:67)
	at org.jboss.as.ee@37.0.1.Final//org.jboss.as.ee.component.deployers.InterceptorAnnotationProcessor.deploy(InterceptorAnnotationProcessor.java:60)
	at org.jboss.as.server@29.0.1.Final//org.jboss.as.server.deployment.DeploymentUnitPhaseService.start(DeploymentUnitPhaseService.java:165)
	at org.jboss.msc@1.5.6.Final//org.jboss.msc.service.ServiceControllerImpl$StartTask.startService(ServiceControllerImpl.java:1553)
	at org.jboss.msc@1.5.6.Final//org.jboss.msc.service.ServiceControllerImpl$StartTask.execute(ServiceControllerImpl.java:1516)
	at org.jboss.msc@1.5.6.Final//org.jboss.msc.service.ServiceControllerImpl$ControllerTask.run(ServiceControllerImpl.java:1374)
	at org.jboss.threads@3.9.1//org.jboss.threads.ContextHandler$1.runWith(ContextHandler.java:18)
	at org.jboss.threads@3.9.1//org.jboss.threads.EnhancedQueueExecutor$Task.doRunWith(EnhancedQueueExecutor.java:2651)
	at org.jboss.threads@3.9.1//org.jboss.threads.EnhancedQueueExecutor$Task.run(EnhancedQueueExecutor.java:2630)
	at org.jboss.threads@3.9.1//org.jboss.threads.EnhancedQueueExecutor.runThreadBody(EnhancedQueueExecutor.java:1622)
	at org.jboss.threads@3.9.1//org.jboss.threads.EnhancedQueueExecutor$ThreadBody.run(EnhancedQueueExecutor.java:1589)
	at java.base/java.lang.Thread.run(Thread.java:840)
Caused by: java.lang.ClassNotFoundException: javax.servlet.jsp.tagext.TagLibraryValidator from [Module "deployment.atelier4-webb.war" from Service Module Loader]
	at org.jboss.modules.ModuleClassLoader.findClass(ModuleClassLoader.java:201)
	at org.jboss.modules.ConcurrentClassLoader.performLoadClassUnchecked(ConcurrentClassLoader.java:408)
	at org.jboss.modules.ConcurrentClassLoader.performLoadClass(ConcurrentClassLoader.java:396)
	at org.jboss.modules.ConcurrentClassLoader.loadClass(ConcurrentClassLoader.java:115)
	... 28 more

2025-10-31 12:53:49,813 WARN  [org.jboss.modules.define] (MSC service thread 1-5) Failed to define class javax.servlet.jsp.jstl.tlv.ScriptFreeTLV in Module "deployment.atelier4-webb.war" from Service Module Loader: java.lang.NoClassDefFoundError: Failed to link javax/servlet/jsp/jstl/tlv/ScriptFreeTLV (Module "deployment.atelier4-webb.war" from Service Module Loader): javax/servlet/jsp/tagext/TagLibraryValidator
	at java.base/java.lang.ClassLoader.defineClass1(Native Method)
	at java.base/java.lang.ClassLoader.defineClass(ClassLoader.java:1017)
	at java.base/java.lang.ClassLoader.defineClass(ClassLoader.java:1095)
	at org.jboss.modules.ModuleClassLoader.doDefineOrLoadClass(ModuleClassLoader.java:352)
	at org.jboss.modules.ModuleClassLoader.defineClass(ModuleClassLoader.java:483)
	at org.jboss.modules.ModuleClassLoader.loadClassLocal(ModuleClassLoader.java:277)
	at org.jboss.modules.ModuleClassLoader$1.loadClassLocal(ModuleClassLoader.java:79)
	at org.jboss.modules.Module.loadModuleClass(Module.java:798)
	at org.jboss.modules.ModuleClassLoader.findClass(ModuleClassLoader.java:193)
	at org.jboss.modules.ConcurrentClassLoader.performLoadClassUnchecked(ConcurrentClassLoader.java:408)
	at org.jboss.modules.ConcurrentClassLoader.performLoadClass(ConcurrentClassLoader.java:396)
	at org.jboss.modules.ConcurrentClassLoader.loadClass(ConcurrentClassLoader.java:115)
	at java.base/java.lang.Class.forName0(Native Method)
	at java.base/java.lang.Class.forName(Class.java:467)
	at org.jboss.as.ee@37.0.1.Final//org.jboss.as.ee.utils.ClassLoadingUtils.loadClass(ClassLoadingUtils.java:26)
	at org.jboss.as.ee@37.0.1.Final//org.jboss.as.ee.utils.ClassLoadingUtils.loadClass(ClassLoadingUtils.java:19)
	at org.jboss.as.ee@37.0.1.Final//org.jboss.as.ee.component.deployers.InterceptorAnnotationProcessor.processComponentConfig(InterceptorAnnotationProcessor.java:67)
	at org.jboss.as.ee@37.0.1.Final//org.jboss.as.ee.component.deployers.InterceptorAnnotationProcessor.deploy(InterceptorAnnotationProcessor.java:60)
	at org.jboss.as.server@29.0.1.Final//org.jboss.as.server.deployment.DeploymentUnitPhaseService.start(DeploymentUnitPhaseService.java:165)
	at org.jboss.msc@1.5.6.Final//org.jboss.msc.service.ServiceControllerImpl$StartTask.startService(ServiceControllerImpl.java:1553)
	at org.jboss.msc@1.5.6.Final//org.jboss.msc.service.ServiceControllerImpl$StartTask.execute(ServiceControllerImpl.java:1516)
	at org.jboss.msc@1.5.6.Final//org.jboss.msc.service.ServiceControllerImpl$ControllerTask.run(ServiceControllerImpl.java:1374)
	at org.jboss.threads@3.9.1//org.jboss.threads.ContextHandler$1.runWith(ContextHandler.java:18)
	at org.jboss.threads@3.9.1//org.jboss.threads.EnhancedQueueExecutor$Task.doRunWith(EnhancedQueueExecutor.java:2651)
	at org.jboss.threads@3.9.1//org.jboss.threads.EnhancedQueueExecutor$Task.run(EnhancedQueueExecutor.java:2630)
	at org.jboss.threads@3.9.1//org.jboss.threads.EnhancedQueueExecutor.runThreadBody(EnhancedQueueExecutor.java:1622)
	at org.jboss.threads@3.9.1//org.jboss.threads.EnhancedQueueExecutor$ThreadBody.run(EnhancedQueueExecutor.java:1589)
	at java.base/java.lang.Thread.run(Thread.java:840)
Caused by: java.lang.ClassNotFoundException: javax.servlet.jsp.tagext.TagLibraryValidator from [Module "deployment.atelier4-webb.war" from Service Module Loader]
	at org.jboss.modules.ModuleClassLoader.findClass(ModuleClassLoader.java:201)
	at org.jboss.modules.ConcurrentClassLoader.performLoadClassUnchecked(ConcurrentClassLoader.java:408)
	at org.jboss.modules.ConcurrentClassLoader.performLoadClass(ConcurrentClassLoader.java:396)
	at org.jboss.modules.ConcurrentClassLoader.loadClass(ConcurrentClassLoader.java:115)
	... 28 more

2025-10-31 12:53:49,886 WARN  [org.jboss.modules.define] (MSC service thread 1-4) Failed to define class javax.servlet.jsp.jstl.tlv.PermittedTaglibsTLV in Module "deployment.atelier4-webb.war" from Service Module Loader: java.lang.NoClassDefFoundError: Failed to link javax/servlet/jsp/jstl/tlv/PermittedTaglibsTLV (Module "deployment.atelier4-webb.war" from Service Module Loader): javax/servlet/jsp/tagext/TagLibraryValidator
	at java.base/java.lang.ClassLoader.defineClass1(Native Method)
	at java.base/java.lang.ClassLoader.defineClass(ClassLoader.java:1017)
	at java.base/java.lang.ClassLoader.defineClass(ClassLoader.java:1095)
	at org.jboss.modules.ModuleClassLoader.doDefineOrLoadClass(ModuleClassLoader.java:352)
	at org.jboss.modules.ModuleClassLoader.defineClass(ModuleClassLoader.java:483)
	at org.jboss.modules.ModuleClassLoader.loadClassLocal(ModuleClassLoader.java:277)
	at org.jboss.modules.ModuleClassLoader$1.loadClassLocal(ModuleClassLoader.java:79)
	at org.jboss.modules.Module.loadModuleClass(Module.java:798)
	at org.jboss.modules.ModuleClassLoader.findClass(ModuleClassLoader.java:193)
	at org.jboss.modules.ConcurrentClassLoader.performLoadClassUnchecked(ConcurrentClassLoader.java:408)
	at org.jboss.modules.ConcurrentClassLoader.performLoadClass(ConcurrentClassLoader.java:396)
	at org.jboss.modules.ConcurrentClassLoader.loadClass(ConcurrentClassLoader.java:115)
	at java.base/java.lang.Class.forName0(Native Method)
	at java.base/java.lang.Class.forName(Class.java:467)
	at org.jboss.as.ee@37.0.1.Final//org.jboss.as.ee.utils.ClassLoadingUtils.loadClass(ClassLoadingUtils.java:26)
	at org.jboss.as.ee@37.0.1.Final//org.jboss.as.ee.component.deployers.EEModuleConfigurationProcessor.deploy(EEModuleConfigurationProcessor.java:63)
	at org.jboss.as.server@29.0.1.Final//org.jboss.as.server.deployment.DeploymentUnitPhaseService.start(DeploymentUnitPhaseService.java:165)
	at org.jboss.msc@1.5.6.Final//org.jboss.msc.service.ServiceControllerImpl$StartTask.startService(ServiceControllerImpl.java:1553)
	at org.jboss.msc@1.5.6.Final//org.jboss.msc.service.ServiceControllerImpl$StartTask.execute(ServiceControllerImpl.java:1516)
	at org.jboss.msc@1.5.6.Final//org.jboss.msc.service.ServiceControllerImpl$ControllerTask.run(ServiceControllerImpl.java:1374)
	at org.jboss.threads@3.9.1//org.jboss.threads.ContextHandler$1.runWith(ContextHandler.java:18)
	at org.jboss.threads@3.9.1//org.jboss.threads.EnhancedQueueExecutor$Task.doRunWith(EnhancedQueueExecutor.java:2651)
	at org.jboss.threads@3.9.1//org.jboss.threads.EnhancedQueueExecutor$Task.run(EnhancedQueueExecutor.java:2630)
	at org.jboss.threads@3.9.1//org.jboss.threads.EnhancedQueueExecutor.runThreadBody(EnhancedQueueExecutor.java:1622)
	at org.jboss.threads@3.9.1//org.jboss.threads.EnhancedQueueExecutor$ThreadBody.run(EnhancedQueueExecutor.java:1589)
	at java.base/java.lang.Thread.run(Thread.java:840)
Caused by: java.lang.ClassNotFoundException: javax.servlet.jsp.tagext.TagLibraryValidator from [Module "deployment.atelier4-webb.war" from Service Module Loader]
	at org.jboss.modules.ModuleClassLoader.findClass(ModuleClassLoader.java:201)
	at org.jboss.modules.ConcurrentClassLoader.performLoadClassUnchecked(ConcurrentClassLoader.java:408)
	at org.jboss.modules.ConcurrentClassLoader.performLoadClass(ConcurrentClassLoader.java:396)
	at org.jboss.modules.ConcurrentClassLoader.loadClass(ConcurrentClassLoader.java:115)
	... 26 more

2025-10-31 12:53:49,888 WARN  [org.jboss.as.ee] (MSC service thread 1-4) WFLYEE0007: Not installing optional component javax.servlet.jsp.jstl.tlv.PermittedTaglibsTLV due to an exception (enable DEBUG log level to see the cause)
2025-10-31 12:53:49,912 WARN  [org.jboss.modules.define] (MSC service thread 1-4) Failed to define class javax.servlet.jsp.jstl.tlv.ScriptFreeTLV in Module "deployment.atelier4-webb.war" from Service Module Loader: java.lang.NoClassDefFoundError: Failed to link javax/servlet/jsp/jstl/tlv/ScriptFreeTLV (Module "deployment.atelier4-webb.war" from Service Module Loader): javax/servlet/jsp/tagext/TagLibraryValidator
	at java.base/java.lang.ClassLoader.defineClass1(Native Method)
	at java.base/java.lang.ClassLoader.defineClass(ClassLoader.java:1017)
	at java.base/java.lang.ClassLoader.defineClass(ClassLoader.java:1095)
	at org.jboss.modules.ModuleClassLoader.doDefineOrLoadClass(ModuleClassLoader.java:352)
	at org.jboss.modules.ModuleClassLoader.defineClass(ModuleClassLoader.java:483)
	at org.jboss.modules.ModuleClassLoader.loadClassLocal(ModuleClassLoader.java:277)
	at org.jboss.modules.ModuleClassLoader$1.loadClassLocal(ModuleClassLoader.java:79)
	at org.jboss.modules.Module.loadModuleClass(Module.java:798)
	at org.jboss.modules.ModuleClassLoader.findClass(ModuleClassLoader.java:193)
	at org.jboss.modules.ConcurrentClassLoader.performLoadClassUnchecked(ConcurrentClassLoader.java:408)
	at org.jboss.modules.ConcurrentClassLoader.performLoadClass(ConcurrentClassLoader.java:396)
	at org.jboss.modules.ConcurrentClassLoader.loadClass(ConcurrentClassLoader.java:115)
	at java.base/java.lang.Class.forName0(Native Method)
	at java.base/java.lang.Class.forName(Class.java:467)
	at org.jboss.as.ee@37.0.1.Final//org.jboss.as.ee.utils.ClassLoadingUtils.loadClass(ClassLoadingUtils.java:26)
	at org.jboss.as.ee@37.0.1.Final//org.jboss.as.ee.component.deployers.EEModuleConfigurationProcessor.deploy(EEModuleConfigurationProcessor.java:63)
	at org.jboss.as.server@29.0.1.Final//org.jboss.as.server.deployment.DeploymentUnitPhaseService.start(DeploymentUnitPhaseService.java:165)
	at org.jboss.msc@1.5.6.Final//org.jboss.msc.service.ServiceControllerImpl$StartTask.startService(ServiceControllerImpl.java:1553)
	at org.jboss.msc@1.5.6.Final//org.jboss.msc.service.ServiceControllerImpl$StartTask.execute(ServiceControllerImpl.java:1516)
	at org.jboss.msc@1.5.6.Final//org.jboss.msc.service.ServiceControllerImpl$ControllerTask.run(ServiceControllerImpl.java:1374)
	at org.jboss.threads@3.9.1//org.jboss.threads.ContextHandler$1.runWith(ContextHandler.java:18)
	at org.jboss.threads@3.9.1//org.jboss.threads.EnhancedQueueExecutor$Task.doRunWith(EnhancedQueueExecutor.java:2651)
	at org.jboss.threads@3.9.1//org.jboss.threads.EnhancedQueueExecutor$Task.run(EnhancedQueueExecutor.java:2630)
	at org.jboss.threads@3.9.1//org.jboss.threads.EnhancedQueueExecutor.runThreadBody(EnhancedQueueExecutor.java:1622)
	at org.jboss.threads@3.9.1//org.jboss.threads.EnhancedQueueExecutor$ThreadBody.run(EnhancedQueueExecutor.java:1589)
	at java.base/java.lang.Thread.run(Thread.java:840)
Caused by: java.lang.ClassNotFoundException: javax.servlet.jsp.tagext.TagLibraryValidator from [Module "deployment.atelier4-webb.war" from Service Module Loader]
	at org.jboss.modules.ModuleClassLoader.findClass(ModuleClassLoader.java:201)
	at org.jboss.modules.ConcurrentClassLoader.performLoadClassUnchecked(ConcurrentClassLoader.java:408)
	at org.jboss.modules.ConcurrentClassLoader.performLoadClass(ConcurrentClassLoader.java:396)
	at org.jboss.modules.ConcurrentClassLoader.loadClass(ConcurrentClassLoader.java:115)
	... 26 more

2025-10-31 12:53:49,913 WARN  [org.jboss.as.ee] (MSC service thread 1-4) WFLYEE0007: Not installing optional component javax.servlet.jsp.jstl.tlv.ScriptFreeTLV due to an exception (enable DEBUG log level to see the cause)
2025-10-31 12:53:50,407 INFO  [org.wildfly.extension.undertow] (ServerService Thread Pool -- 92) WFLYUT0021: Registered web context: '/atelier4-webb' for server 'default-server'
2025-10-31 12:53:50,488 INFO  [org.jboss.as.server] (management-handler-thread - 2) WFLYSRV0010: Deployed "atelier4-webb" (runtime-name : "atelier4-webb.war")
